<?xml version="1.0" encoding="UTF-8"?>
<!-- Generated by org.testng.reporters.JUnitXMLReporter -->
<testsuite hostname="manish-PC" ignored="2" name="Test" tests="4" failures="0" timestamp="06 Feb 2019 04:55:28 GMT" time="2.195" errors="0">
  <testcase name="@BeforeClass beforeClass" time="0.193" classname="com.api.script.Script2">
    <failure type="java.lang.NullPointerException">
      <![CDATA[java.lang.NullPointerException
at java.io.File.<init>(Unknown Source)
at com.relevantcodes.extentreports.Report.setFilePath(Report.java:527)
at com.relevantcodes.extentreports.ExtentReports.<init>(ExtentReports.java:80)
at com.relevantcodes.extentreports.ExtentReports.<init>(ExtentReports.java:420)
at com.api.base.TestBase.createExcelWorkBookAndStartExtentTest(TestBase.java:59)
at com.api.script.Script2.beforeClass(Script2.java:15)
... Removed 26 stack frames]]>
    </failure>
  </testcase> <!-- @BeforeClass beforeClass -->
  <testcase name="@AfterClass tearDown_class" time="0.0" classname="com.api.base.TestBase">
    <skipped/>
  </testcase> <!-- @AfterClass tearDown_class -->
  <testcase name="s1_t1" time="0.025" classname="com.api.script.Script1"/>
  <testcase name="s1_t2" time="0.006" classname="com.api.script.Script1"/>
  <testcase name="s2_t1" time="0.0" classname="com.api.script.Script2">
    <skipped/>
  </testcase> <!-- s2_t1 -->
  <testcase name="s2_t2" time="0.0" classname="com.api.script.Script2">
    <skipped/>
  </testcase> <!-- s2_t2 -->
  <testcase name="@AfterSuite tearDown_suite" time="0.0" classname="com.api.base.TestBase">
    <ignored/>
  </testcase> <!-- @AfterSuite tearDown_suite -->
  <testcase name="@BeforeSuite init" time="0.0" classname="com.api.base.TestBase">
    <ignored/>
  </testcase> <!-- @BeforeSuite init -->
</testsuite> <!-- Test -->
