<?xml version="1.0" encoding="UTF-8"?>
<!-- Generated by org.testng.reporters.JUnitXMLReporter -->
<testsuite hostname="PUNITP348718D" ignored="2" name="Test" tests="4" failures="0" timestamp="06 Feb 2019 08:56:29 GMT" time="0.703" errors="0">
  <testcase name="s1_t1" time="0.0" classname="com.api.script.Script1"/>
  <testcase name="s1_t2" time="0.0" classname="com.api.script.Script1"/>
  <testcase name="s2_t1" time="0.0" classname="com.api.script.Script2"/>
  <testcase name="s2_t2" time="0.015" classname="com.api.script.Script2"/>
  <testcase name="@AfterSuite tearDown_suite" time="0.0" classname="com.api.base.TestBase">
    <ignored/>
  </testcase> <!-- @AfterSuite tearDown_suite -->
  <testcase name="@BeforeSuite init" time="0.0" classname="com.api.base.TestBase">
    <ignored/>
  </testcase> <!-- @BeforeSuite init -->
</testsuite> <!-- Test -->
