<?xml version="1.0" encoding="UTF-8"?>
<testng-results skipped="0" failed="0" ignored="0" total="4" passed="4">
  <reporter-output>
  </reporter-output>
  <suite name="Default suite" duration-ms="6828" started-at="2019-02-07T08:51:27Z" finished-at="2019-02-07T08:51:34Z">
    <groups>
    </groups>
    <test name="Default test" duration-ms="6828" started-at="2019-02-07T08:51:27Z" finished-at="2019-02-07T08:51:34Z">
      <class name="com.api.script.Script1_WithReport">
        <test-method status="PASS" signature="init()[pri:0, instance:com.api.script.Script1_WithReport@59f99ea]" name="init" is-config="true" duration-ms="468" started-at="2019-02-07T08:51:26Z" finished-at="2019-02-07T08:51:27Z">
          <reporter-output>
          </reporter-output>
        </test-method> <!-- init -->
        <test-method status="PASS" signature="beforeClass()[pri:0, instance:com.api.script.Script1_WithReport@59f99ea]" name="beforeClass" is-config="true" duration-ms="534" started-at="2019-02-07T08:51:27Z" finished-at="2019-02-07T08:51:27Z">
          <reporter-output>
          </reporter-output>
        </test-method> <!-- beforeClass -->
        <test-method status="PASS" signature="s1_demo()[pri:0, instance:com.api.script.Script1_WithReport@59f99ea]" name="s1_demo" duration-ms="16" started-at="2019-02-07T08:51:27Z" finished-at="2019-02-07T08:51:27Z">
          <reporter-output>
          </reporter-output>
        </test-method> <!-- s1_demo -->
        <test-method status="PASS" signature="s1_listUsers_verifyResponseContents()[pri:0, instance:com.api.script.Script1_WithReport@59f99ea]" name="s1_listUsers_verifyResponseContents" duration-ms="3158" started-at="2019-02-07T08:51:27Z" finished-at="2019-02-07T08:51:31Z">
          <reporter-output>
          </reporter-output>
        </test-method> <!-- s1_listUsers_verifyResponseContents -->
        <test-method status="PASS" signature="s1_singleUser_verifyFirstNameInResponse()[pri:0, instance:com.api.script.Script1_WithReport@59f99ea]" name="s1_singleUser_verifyFirstNameInResponse" duration-ms="1537" started-at="2019-02-07T08:51:31Z" finished-at="2019-02-07T08:51:32Z">
          <reporter-output>
          </reporter-output>
        </test-method> <!-- s1_singleUser_verifyFirstNameInResponse -->
        <test-method status="PASS" signature="s1_singleUser_verifyStatusCodeIs200()[pri:0, instance:com.api.script.Script1_WithReport@59f99ea]" name="s1_singleUser_verifyStatusCodeIs200" duration-ms="1520" started-at="2019-02-07T08:51:32Z" finished-at="2019-02-07T08:51:34Z">
          <reporter-output>
          </reporter-output>
        </test-method> <!-- s1_singleUser_verifyStatusCodeIs200 -->
        <test-method status="PASS" signature="tearDown_class()[pri:0, instance:com.api.script.Script1_WithReport@59f99ea]" name="tearDown_class" is-config="true" duration-ms="31" started-at="2019-02-07T08:51:34Z" finished-at="2019-02-07T08:51:34Z">
          <reporter-output>
          </reporter-output>
        </test-method> <!-- tearDown_class -->
        <test-method status="PASS" signature="tearDown_suite()[pri:0, instance:com.api.script.Script1_WithReport@59f99ea]" name="tearDown_suite" is-config="true" duration-ms="250" started-at="2019-02-07T08:51:34Z" finished-at="2019-02-07T08:51:34Z">
          <reporter-output>
          </reporter-output>
        </test-method> <!-- tearDown_suite -->
      </class> <!-- com.api.script.Script1_WithReport -->
    </test> <!-- Default test -->
  </suite> <!-- Default suite -->
</testng-results>
