<?xml version="1.0" encoding="UTF-8"?>
<testng-results skipped="2" failed="0" ignored="2" total="6" passed="2">
  <reporter-output>
  </reporter-output>
  <suite name="Suite" duration-ms="2195" started-at="2019-02-06T04:55:25Z" finished-at="2019-02-06T04:55:28Z">
    <groups>
    </groups>
    <test name="Test" duration-ms="2195" started-at="2019-02-06T04:55:25Z" finished-at="2019-02-06T04:55:28Z">
      <class name="com.api.script.Script2">
        <test-method status="FAIL" signature="beforeClass()[pri:0, instance:com.api.script.Script2@3bfdc050]" name="beforeClass" is-config="true" duration-ms="193" started-at="2019-02-06T04:55:27Z" finished-at="2019-02-06T04:55:27Z">
          <exception class="java.lang.NullPointerException">
            <full-stacktrace>
              <![CDATA[java.lang.NullPointerException
at java.io.File.<init>(Unknown Source)
at com.relevantcodes.extentreports.Report.setFilePath(Report.java:527)
at com.relevantcodes.extentreports.ExtentReports.<init>(ExtentReports.java:80)
at com.relevantcodes.extentreports.ExtentReports.<init>(ExtentReports.java:420)
at com.api.base.TestBase.createExcelWorkBookAndStartExtentTest(TestBase.java:59)
at com.api.script.Script2.beforeClass(Script2.java:15)
at sun.reflect.NativeMethodAccessorImpl.invoke0(Native Method)
at sun.reflect.NativeMethodAccessorImpl.invoke(Unknown Source)
at sun.reflect.DelegatingMethodAccessorImpl.invoke(Unknown Source)
at java.lang.reflect.Method.invoke(Unknown Source)
at org.testng.internal.MethodInvocationHelper.invokeMethod(MethodInvocationHelper.java:124)
at org.testng.internal.MethodInvocationHelper.invokeMethodConsideringTimeout(MethodInvocationHelper.java:59)
at org.testng.internal.Invoker.invokeConfigurationMethod(Invoker.java:458)
at org.testng.internal.Invoker.invokeConfigurations(Invoker.java:222)
at org.testng.internal.Invoker.invokeConfigurations(Invoker.java:142)
at org.testng.internal.TestMethodWorker.invokeBeforeClassMethods(TestMethodWorker.java:168)
at org.testng.internal.TestMethodWorker.run(TestMethodWorker.java:105)
at org.testng.TestRunner.privateRun(TestRunner.java:648)
at org.testng.TestRunner.run(TestRunner.java:505)
at org.testng.SuiteRunner.runTest(SuiteRunner.java:455)
at org.testng.SuiteRunner.runSequentially(SuiteRunner.java:450)
at org.testng.SuiteRunner.privateRun(SuiteRunner.java:415)
at org.testng.SuiteRunner.run(SuiteRunner.java:364)
at org.testng.SuiteRunnerWorker.runSuite(SuiteRunnerWorker.java:52)
at org.testng.SuiteRunnerWorker.run(SuiteRunnerWorker.java:84)
at org.testng.TestNG.runSuitesSequentially(TestNG.java:1208)
at org.testng.TestNG.runSuitesLocally(TestNG.java:1137)
at org.testng.TestNG.runSuites(TestNG.java:1049)
at org.testng.TestNG.run(TestNG.java:1017)
at org.testng.remote.AbstractRemoteTestNG.run(AbstractRemoteTestNG.java:132)
at org.testng.remote.RemoteTestNG.initAndRun(RemoteTestNG.java:230)
at org.testng.remote.RemoteTestNG.main(RemoteTestNG.java:76)
]]>
            </full-stacktrace>
          </exception> <!-- java.lang.NullPointerException -->
          <reporter-output>
          </reporter-output>
        </test-method> <!-- beforeClass -->
        <test-method status="SKIP" signature="s2_t1()[pri:0, instance:com.api.script.Script2@3bfdc050]" name="s2_t1" duration-ms="0" started-at="2019-02-06T04:55:27Z" finished-at="2019-02-06T04:55:27Z">
          <exception class="java.lang.NullPointerException">
            <full-stacktrace>
              <![CDATA[java.lang.NullPointerException
at java.io.File.<init>(Unknown Source)
at com.relevantcodes.extentreports.Report.setFilePath(Report.java:527)
at com.relevantcodes.extentreports.ExtentReports.<init>(ExtentReports.java:80)
at com.relevantcodes.extentreports.ExtentReports.<init>(ExtentReports.java:420)
at com.api.base.TestBase.createExcelWorkBookAndStartExtentTest(TestBase.java:59)
at com.api.script.Script2.beforeClass(Script2.java:15)
at sun.reflect.NativeMethodAccessorImpl.invoke0(Native Method)
at sun.reflect.NativeMethodAccessorImpl.invoke(Unknown Source)
at sun.reflect.DelegatingMethodAccessorImpl.invoke(Unknown Source)
at java.lang.reflect.Method.invoke(Unknown Source)
at org.testng.internal.MethodInvocationHelper.invokeMethod(MethodInvocationHelper.java:124)
at org.testng.internal.MethodInvocationHelper.invokeMethodConsideringTimeout(MethodInvocationHelper.java:59)
at org.testng.internal.Invoker.invokeConfigurationMethod(Invoker.java:458)
at org.testng.internal.Invoker.invokeConfigurations(Invoker.java:222)
at org.testng.internal.Invoker.invokeConfigurations(Invoker.java:142)
at org.testng.internal.TestMethodWorker.invokeBeforeClassMethods(TestMethodWorker.java:168)
at org.testng.internal.TestMethodWorker.run(TestMethodWorker.java:105)
at org.testng.TestRunner.privateRun(TestRunner.java:648)
at org.testng.TestRunner.run(TestRunner.java:505)
at org.testng.SuiteRunner.runTest(SuiteRunner.java:455)
at org.testng.SuiteRunner.runSequentially(SuiteRunner.java:450)
at org.testng.SuiteRunner.privateRun(SuiteRunner.java:415)
at org.testng.SuiteRunner.run(SuiteRunner.java:364)
at org.testng.SuiteRunnerWorker.runSuite(SuiteRunnerWorker.java:52)
at org.testng.SuiteRunnerWorker.run(SuiteRunnerWorker.java:84)
at org.testng.TestNG.runSuitesSequentially(TestNG.java:1208)
at org.testng.TestNG.runSuitesLocally(TestNG.java:1137)
at org.testng.TestNG.runSuites(TestNG.java:1049)
at org.testng.TestNG.run(TestNG.java:1017)
at org.testng.remote.AbstractRemoteTestNG.run(AbstractRemoteTestNG.java:132)
at org.testng.remote.RemoteTestNG.initAndRun(RemoteTestNG.java:230)
at org.testng.remote.RemoteTestNG.main(RemoteTestNG.java:76)
]]>
            </full-stacktrace>
          </exception> <!-- java.lang.NullPointerException -->
          <reporter-output>
          </reporter-output>
        </test-method> <!-- s2_t1 -->
        <test-method status="SKIP" signature="s2_t2()[pri:0, instance:com.api.script.Script2@3bfdc050]" name="s2_t2" duration-ms="0" started-at="2019-02-06T04:55:28Z" finished-at="2019-02-06T04:55:28Z">
          <exception class="java.lang.NullPointerException">
            <full-stacktrace>
              <![CDATA[java.lang.NullPointerException
at java.io.File.<init>(Unknown Source)
at com.relevantcodes.extentreports.Report.setFilePath(Report.java:527)
at com.relevantcodes.extentreports.ExtentReports.<init>(ExtentReports.java:80)
at com.relevantcodes.extentreports.ExtentReports.<init>(ExtentReports.java:420)
at com.api.base.TestBase.createExcelWorkBookAndStartExtentTest(TestBase.java:59)
at com.api.script.Script2.beforeClass(Script2.java:15)
at sun.reflect.NativeMethodAccessorImpl.invoke0(Native Method)
at sun.reflect.NativeMethodAccessorImpl.invoke(Unknown Source)
at sun.reflect.DelegatingMethodAccessorImpl.invoke(Unknown Source)
at java.lang.reflect.Method.invoke(Unknown Source)
at org.testng.internal.MethodInvocationHelper.invokeMethod(MethodInvocationHelper.java:124)
at org.testng.internal.MethodInvocationHelper.invokeMethodConsideringTimeout(MethodInvocationHelper.java:59)
at org.testng.internal.Invoker.invokeConfigurationMethod(Invoker.java:458)
at org.testng.internal.Invoker.invokeConfigurations(Invoker.java:222)
at org.testng.internal.Invoker.invokeConfigurations(Invoker.java:142)
at org.testng.internal.TestMethodWorker.invokeBeforeClassMethods(TestMethodWorker.java:168)
at org.testng.internal.TestMethodWorker.run(TestMethodWorker.java:105)
at org.testng.TestRunner.privateRun(TestRunner.java:648)
at org.testng.TestRunner.run(TestRunner.java:505)
at org.testng.SuiteRunner.runTest(SuiteRunner.java:455)
at org.testng.SuiteRunner.runSequentially(SuiteRunner.java:450)
at org.testng.SuiteRunner.privateRun(SuiteRunner.java:415)
at org.testng.SuiteRunner.run(SuiteRunner.java:364)
at org.testng.SuiteRunnerWorker.runSuite(SuiteRunnerWorker.java:52)
at org.testng.SuiteRunnerWorker.run(SuiteRunnerWorker.java:84)
at org.testng.TestNG.runSuitesSequentially(TestNG.java:1208)
at org.testng.TestNG.runSuitesLocally(TestNG.java:1137)
at org.testng.TestNG.runSuites(TestNG.java:1049)
at org.testng.TestNG.run(TestNG.java:1017)
at org.testng.remote.AbstractRemoteTestNG.run(AbstractRemoteTestNG.java:132)
at org.testng.remote.RemoteTestNG.initAndRun(RemoteTestNG.java:230)
at org.testng.remote.RemoteTestNG.main(RemoteTestNG.java:76)
]]>
            </full-stacktrace>
          </exception> <!-- java.lang.NullPointerException -->
          <reporter-output>
          </reporter-output>
        </test-method> <!-- s2_t2 -->
        <test-method status="SKIP" signature="tearDown_class()[pri:0, instance:com.api.script.Script2@3bfdc050]" name="tearDown_class" is-config="true" duration-ms="0" started-at="2019-02-06T04:55:28Z" finished-at="2019-02-06T04:55:28Z">
          <reporter-output>
          </reporter-output>
        </test-method> <!-- tearDown_class -->
      </class> <!-- com.api.script.Script2 -->
      <class name="com.api.script.Script1">
        <test-method status="PASS" signature="init()[pri:0, instance:com.api.script.Script1@42d80b78]" name="init" is-config="true" duration-ms="63" started-at="2019-02-06T04:55:25Z" finished-at="2019-02-06T04:55:25Z">
          <reporter-output>
          </reporter-output>
        </test-method> <!-- init -->
        <test-method status="PASS" signature="beforeClass()[pri:0, instance:com.api.script.Script1@42d80b78]" name="beforeClass" is-config="true" duration-ms="1783" started-at="2019-02-06T04:55:25Z" finished-at="2019-02-06T04:55:27Z">
          <reporter-output>
          </reporter-output>
        </test-method> <!-- beforeClass -->
        <test-method status="PASS" signature="s1_t1()[pri:0, instance:com.api.script.Script1@42d80b78]" name="s1_t1" duration-ms="25" started-at="2019-02-06T04:55:27Z" finished-at="2019-02-06T04:55:27Z">
          <reporter-output>
          </reporter-output>
        </test-method> <!-- s1_t1 -->
        <test-method status="PASS" signature="s1_t2()[pri:0, instance:com.api.script.Script1@42d80b78]" name="s1_t2" duration-ms="6" started-at="2019-02-06T04:55:27Z" finished-at="2019-02-06T04:55:27Z">
          <reporter-output>
          </reporter-output>
        </test-method> <!-- s1_t2 -->
        <test-method status="PASS" signature="tearDown_class()[pri:0, instance:com.api.script.Script1@42d80b78]" name="tearDown_class" is-config="true" duration-ms="5" started-at="2019-02-06T04:55:27Z" finished-at="2019-02-06T04:55:27Z">
          <reporter-output>
          </reporter-output>
        </test-method> <!-- tearDown_class -->
        <test-method status="PASS" signature="tearDown_suite()[pri:0, instance:com.api.script.Script1@42d80b78]" name="tearDown_suite" is-config="true" duration-ms="910" started-at="2019-02-06T04:55:28Z" finished-at="2019-02-06T04:55:28Z">
          <reporter-output>
          </reporter-output>
        </test-method> <!-- tearDown_suite -->
      </class> <!-- com.api.script.Script1 -->
    </test> <!-- Test -->
  </suite> <!-- Suite -->
</testng-results>
